Removed Pin From Net: NetName=GND Pin=J2-1
Removed Pin From Net: NetName=SCK_SEN Pin=J2-2
Removed Pin From Net: NetName=+3V3_S Pin=J2-3
Removed Pin From Net: NetName=MISO_SEN Pin=J2-4
Removed Pin From Net: NetName=MOSI_SHREG Pin=J2-5
Removed Pin From Net: NetName=MOSI_SEN Pin=J2-6
Removed Pin From Net: NetName=SCLR Pin=J2-7
Removed Pin From Net: NetName=OE Pin=J2-8
Removed Pin From Net: NetName=SCK_SHREG Pin=J2-11
Removed Member From Class: ClassName=SENSORS_SMALL_SCH Member=J2
Added Component: Designator=Boot pin?(HDRV3W64P0X254_1X3_762X254X864P)
Add component (AddParameter): Name = "Arrow Part Number"; Value = ""; VariantName = "[No Variations]"
Add component (AddParameter): Name = "Arrow Price/Stock"; Value = ""; VariantName = "[No Variations]"
Add component (AddParameter): Name = "Datasheet Link"; Value = "https://cdn.harwin.com/pdfs/M20-999.pdf"; VariantName = "[No Variations]"
Add component (AddParameter): Name = "Height"; Value = "8.64mm"; VariantName = "[No Variations]"
Add component (AddParameter): Name = "Manufacturer_Name"; Value = "Harwin"; VariantName = "[No Variations]"
Add component (AddParameter): Name = "Manufacturer_Part_Number"; Value = "M20-9990345"; VariantName = "[No Variations]"
Add component (AddParameter): Name = "Mouser Part Number"; Value = "855-M20-9990345"; VariantName = "[No Variations]"
Add component (AddParameter): Name = "Mouser Price/Stock"; Value = "https://www.mouser.co.uk/ProductDetail/Harwin/M20-9990345?qs=ulE8k0yEMYbl6ZPCtNdmpA%3D%3D"; VariantName = "[No Variations]"
Added Component: Designator=J?(HDRRA10W66P254_2X5_1270X254X528P)
Add component (AddParameter): Name = "Arrow Part Number"; Value = ""; VariantName = "[No Variations]"
Add component (AddParameter): Name = "Arrow Price/Stock"; Value = ""; VariantName = "[No Variations]"
Add component (AddParameter): Name = "Datasheet Link"; Value = "https://cdn.harwin.com/pdfs/M20-995.pdf"; VariantName = "[No Variations]"
Add component (AddParameter): Name = "Height"; Value = "5.28mm"; VariantName = "[No Variations]"
Add component (AddParameter): Name = "Manufacturer_Name"; Value = "Harwin"; VariantName = "[No Variations]"
Add component (AddParameter): Name = "Manufacturer_Part_Number"; Value = "M20-9950545"; VariantName = "[No Variations]"
Add component (AddParameter): Name = "Mouser Part Number"; Value = "855-M20-9950545"; VariantName = "[No Variations]"
Add component (AddParameter): Name = "Mouser Price/Stock"; Value = "https://www.mouser.com/Search/Refine.aspx?Keyword=855-M20-9950545"; VariantName = "[No Variations]"
Added Pin To Net: NetName=GND Pin=IC?-2
Added Pin To Net: NetName=GND Pin=IC?-3
Added Pin To Net: NetName=+3V3_S Pin=IC?-5
Added Pin To Net: NetName=+3V3_S Pin=J?-1
Added Pin To Net: NetName=GND Pin=J?-2
Added Pin To Net: NetName=SCLR Pin=J?-4
Added Pin To Net: NetName=MOSI_SEN Pin=J?-5
Added Pin To Net: NetName=OE Pin=J?-6
Added Pin To Net: NetName=MISO_SEN Pin=J?-7
Added Pin To Net: NetName=SCK_SEN Pin=J?-8
Added Pin To Net: NetName=SCK_SHREG Pin=J?-9
Added Pin To Net: NetName=MOSI_SHREG Pin=J?-10
Added Pin To Net: NetName=SCK_INVERT Pin=IC?-1
Added Pin To Net: NetName=SCK_INVERT Pin=J?-3
Added Net: Name=SCK_INVERT
Added Member To Class: ClassName=SENSORS_SMALL_SCH Member=Component Boot pin? M20-9990345
Added Member To Class: ClassName=SENSORS_SMALL_SCH Member=Component J? M20-9950545
