Removed Pin From Net: NetName=CS_IN Pin=J1-1
Removed Pin From Net: NetName=ALERT_OE Pin=J1-2
Removed Pin From Net: NetName=REG_SCK Pin=J1-3
Removed Pin From Net: NetName=REG_CLR Pin=J1-4
Removed Pin From Net: NetName=SEN_OE Pin=J1-5
Removed Pin From Net: NetName=SPI_CLK Pin=J1-6
Removed Pin From Net: NetName=SPI_MISO Pin=J1-7
Removed Pin From Net: NetName=SPI_MOSI Pin=J1-8
Removed Pin From Net: NetName=GND Pin=J1-9
Removed Pin From Net: NetName=GND Pin=J1-10
Removed Pin From Net: NetName=+3V3_S Pin=J1-11
Removed Pin From Net: NetName=+3V3_S Pin=J1-12
Removed Pin From Net: NetName=GND Pin=J1-MP1
Removed Pin From Net: NetName=GND Pin=J1-MP2
Removed Pin From Net: NetName=GND Pin=J1-MP3
Removed Pin From Net: NetName=GND Pin=J1-MP4
Removed Pin From Net: NetName=SPI_MOSI Pin=J2-1
Removed Pin From Net: NetName=SPI_MISO Pin=J2-2
Removed Pin From Net: NetName=SPI_CLK Pin=J2-3
Removed Pin From Net: NetName=SEN_OE Pin=J2-4
Removed Pin From Net: NetName=REG_CLR Pin=J2-5
Removed Pin From Net: NetName=REG_SCK Pin=J2-6
Removed Pin From Net: NetName=ALERT_OE Pin=J2-7
Removed Pin From Net: NetName=CS_OUT Pin=J2-8
Removed Pin From Net: NetName=+3V3_S Pin=J2-9
Removed Pin From Net: NetName=+3V3_S Pin=J2-10
Removed Pin From Net: NetName=GND Pin=J2-11
Removed Pin From Net: NetName=GND Pin=J2-12
Removed Pin From Net: NetName=GND Pin=J2-MP1
Removed Pin From Net: NetName=GND Pin=J2-MP2
Removed Pin From Net: NetName=GND Pin=J2-MP3
Removed Pin From Net: NetName=GND Pin=J2-MP4
Removed Pin From Net: NetName=GND Pin=J2-MP5
Removed Pin From Net: NetName=GND Pin=J2-MP6
Removed Pin From Net: NetName=GND Pin=J2-MP7
Removed Pin From Net: NetName=GND Pin=J2-MP8
Removed Pin From Net: NetName=GND Pin=J2-MP9
Removed Pin From Net: NetName=GND Pin=J2-MP10
Removed Pin From Net: NetName=GND Pin=J2-MP11
Removed Pin From Net: NetName=GND Pin=J2-MP12
Removed Member From Class: ClassName=SENSORS_SMALL_SCH Member=J1
Removed Member From Class: ClassName=SENSORS_SMALL_SCH Member=J2
Change Component Comment : Designator=J4 Old Comment=M50-3930542 New Comment=MALE_1
Change Component Comment : Designator=J3 Old Comment=M50-3930542 New Comment=MALE_2
Added Pin To Net: NetName=GND Pin=J3-1
Added Pin To Net: NetName=+3V3_S Pin=J3-2
Added Pin To Net: NetName=CS_IN Pin=J3-3
Added Pin To Net: NetName=ALERT_OE Pin=J3-4
Added Pin To Net: NetName=REG_SCK Pin=J3-5
Added Pin To Net: NetName=REG_CLR Pin=J4-1
Added Pin To Net: NetName=SEN_OE Pin=J4-2
Added Pin To Net: NetName=SPI_CLK Pin=J4-3
Added Pin To Net: NetName=SPI_MISO Pin=J4-4
Added Pin To Net: NetName=SPI_MOSI Pin=J4-5
