Added Component: Designator=D1(DIOM179X85N)
Add component (AddParameter): Name = "Arrow Part Number"; Value = "CDBU0130L"; VariantName = "[No Variations]"
Add component (AddParameter): Name = "Arrow Price/Stock"; Value = "https://www.arrow.com/en/products/cdbu0130l/comchip-technology?region=nac"; VariantName = "[No Variations]"
Add component (AddParameter): Name = "Datasheet Link"; Value = "https://datasheet.datasheetarchive.com/originals/distributors/Datasheets-DGA23/1389865.pdf"; VariantName = "[No Variations]"
Add component (AddParameter): Name = "Height"; Value = "0.85mm"; VariantName = "[No Variations]"
Add component (AddParameter): Name = "Manufacturer_Name"; Value = "Comchip Technology"; VariantName = "[No Variations]"
Add component (AddParameter): Name = "Manufacturer_Part_Number"; Value = "CDBU0130L"; VariantName = "[No Variations]"
Add component (AddParameter): Name = "Mouser Part Number"; Value = "750-CDBU0130L"; VariantName = "[No Variations]"
Add component (AddParameter): Name = "Mouser Price/Stock"; Value = "https://www.mouser.co.uk/ProductDetail/Comchip-Technology/CDBU0130L?qs=tw%252BuQ%2FB6PO2Mup5%252Bk7mubQ%3D%3D"; VariantName = "[No Variations]"
Added Component: Designator=D2(DIOM179X85N)
Add component (AddParameter): Name = "Arrow Part Number"; Value = "CDBU0130L"; VariantName = "[No Variations]"
Add component (AddParameter): Name = "Arrow Price/Stock"; Value = "https://www.arrow.com/en/products/cdbu0130l/comchip-technology?region=nac"; VariantName = "[No Variations]"
Add component (AddParameter): Name = "Datasheet Link"; Value = "https://datasheet.datasheetarchive.com/originals/distributors/Datasheets-DGA23/1389865.pdf"; VariantName = "[No Variations]"
Add component (AddParameter): Name = "Height"; Value = "0.85mm"; VariantName = "[No Variations]"
Add component (AddParameter): Name = "Manufacturer_Name"; Value = "Comchip Technology"; VariantName = "[No Variations]"
Add component (AddParameter): Name = "Manufacturer_Part_Number"; Value = "CDBU0130L"; VariantName = "[No Variations]"
Add component (AddParameter): Name = "Mouser Part Number"; Value = "750-CDBU0130L"; VariantName = "[No Variations]"
Add component (AddParameter): Name = "Mouser Price/Stock"; Value = "https://www.mouser.co.uk/ProductDetail/Comchip-Technology/CDBU0130L?qs=tw%252BuQ%2FB6PO2Mup5%252Bk7mubQ%3D%3D"; VariantName = "[No Variations]"
Added Component: Designator=D3(DIOM179X85N)
Add component (AddParameter): Name = "Arrow Part Number"; Value = "CDBU0130L"; VariantName = "[No Variations]"
Add component (AddParameter): Name = "Arrow Price/Stock"; Value = "https://www.arrow.com/en/products/cdbu0130l/comchip-technology?region=nac"; VariantName = "[No Variations]"
Add component (AddParameter): Name = "Datasheet Link"; Value = "https://datasheet.datasheetarchive.com/originals/distributors/Datasheets-DGA23/1389865.pdf"; VariantName = "[No Variations]"
Add component (AddParameter): Name = "Height"; Value = "0.85mm"; VariantName = "[No Variations]"
Add component (AddParameter): Name = "Manufacturer_Name"; Value = "Comchip Technology"; VariantName = "[No Variations]"
Add component (AddParameter): Name = "Manufacturer_Part_Number"; Value = "CDBU0130L"; VariantName = "[No Variations]"
Add component (AddParameter): Name = "Mouser Part Number"; Value = "750-CDBU0130L"; VariantName = "[No Variations]"
Add component (AddParameter): Name = "Mouser Price/Stock"; Value = "https://www.mouser.co.uk/ProductDetail/Comchip-Technology/CDBU0130L?qs=tw%252BuQ%2FB6PO2Mup5%252Bk7mubQ%3D%3D"; VariantName = "[No Variations]"
Added Component: Designator=D4(DIOM179X85N)
Add component (AddParameter): Name = "Arrow Part Number"; Value = "CDBU0130L"; VariantName = "[No Variations]"
Add component (AddParameter): Name = "Arrow Price/Stock"; Value = "https://www.arrow.com/en/products/cdbu0130l/comchip-technology?region=nac"; VariantName = "[No Variations]"
Add component (AddParameter): Name = "Datasheet Link"; Value = "https://datasheet.datasheetarchive.com/originals/distributors/Datasheets-DGA23/1389865.pdf"; VariantName = "[No Variations]"
Add component (AddParameter): Name = "Height"; Value = "0.85mm"; VariantName = "[No Variations]"
Add component (AddParameter): Name = "Manufacturer_Name"; Value = "Comchip Technology"; VariantName = "[No Variations]"
Add component (AddParameter): Name = "Manufacturer_Part_Number"; Value = "CDBU0130L"; VariantName = "[No Variations]"
Add component (AddParameter): Name = "Mouser Part Number"; Value = "750-CDBU0130L"; VariantName = "[No Variations]"
Add component (AddParameter): Name = "Mouser Price/Stock"; Value = "https://www.mouser.co.uk/ProductDetail/Comchip-Technology/CDBU0130L?qs=tw%252BuQ%2FB6PO2Mup5%252Bk7mubQ%3D%3D"; VariantName = "[No Variations]"
Added Component: Designator=D5(DIOM179X85N)
Add component (AddParameter): Name = "Arrow Part Number"; Value = "CDBU0130L"; VariantName = "[No Variations]"
Add component (AddParameter): Name = "Arrow Price/Stock"; Value = "https://www.arrow.com/en/products/cdbu0130l/comchip-technology?region=nac"; VariantName = "[No Variations]"
Add component (AddParameter): Name = "Datasheet Link"; Value = "https://datasheet.datasheetarchive.com/originals/distributors/Datasheets-DGA23/1389865.pdf"; VariantName = "[No Variations]"
Add component (AddParameter): Name = "Height"; Value = "0.85mm"; VariantName = "[No Variations]"
Add component (AddParameter): Name = "Manufacturer_Name"; Value = "Comchip Technology"; VariantName = "[No Variations]"
Add component (AddParameter): Name = "Manufacturer_Part_Number"; Value = "CDBU0130L"; VariantName = "[No Variations]"
Add component (AddParameter): Name = "Mouser Part Number"; Value = "750-CDBU0130L"; VariantName = "[No Variations]"
Add component (AddParameter): Name = "Mouser Price/Stock"; Value = "https://www.mouser.co.uk/ProductDetail/Comchip-Technology/CDBU0130L?qs=tw%252BuQ%2FB6PO2Mup5%252Bk7mubQ%3D%3D"; VariantName = "[No Variations]"
Added Component: Designator=D6(DIOM179X85N)
Add component (AddParameter): Name = "Arrow Part Number"; Value = "CDBU0130L"; VariantName = "[No Variations]"
Add component (AddParameter): Name = "Arrow Price/Stock"; Value = "https://www.arrow.com/en/products/cdbu0130l/comchip-technology?region=nac"; VariantName = "[No Variations]"
Add component (AddParameter): Name = "Datasheet Link"; Value = "https://datasheet.datasheetarchive.com/originals/distributors/Datasheets-DGA23/1389865.pdf"; VariantName = "[No Variations]"
Add component (AddParameter): Name = "Height"; Value = "0.85mm"; VariantName = "[No Variations]"
Add component (AddParameter): Name = "Manufacturer_Name"; Value = "Comchip Technology"; VariantName = "[No Variations]"
Add component (AddParameter): Name = "Manufacturer_Part_Number"; Value = "CDBU0130L"; VariantName = "[No Variations]"
Add component (AddParameter): Name = "Mouser Part Number"; Value = "750-CDBU0130L"; VariantName = "[No Variations]"
Add component (AddParameter): Name = "Mouser Price/Stock"; Value = "https://www.mouser.co.uk/ProductDetail/Comchip-Technology/CDBU0130L?qs=tw%252BuQ%2FB6PO2Mup5%252Bk7mubQ%3D%3D"; VariantName = "[No Variations]"
Added Component: Designator=D7(DIOM179X85N)
Add component (AddParameter): Name = "Arrow Part Number"; Value = "CDBU0130L"; VariantName = "[No Variations]"
Add component (AddParameter): Name = "Arrow Price/Stock"; Value = "https://www.arrow.com/en/products/cdbu0130l/comchip-technology?region=nac"; VariantName = "[No Variations]"
Add component (AddParameter): Name = "Datasheet Link"; Value = "https://datasheet.datasheetarchive.com/originals/distributors/Datasheets-DGA23/1389865.pdf"; VariantName = "[No Variations]"
Add component (AddParameter): Name = "Height"; Value = "0.85mm"; VariantName = "[No Variations]"
Add component (AddParameter): Name = "Manufacturer_Name"; Value = "Comchip Technology"; VariantName = "[No Variations]"
Add component (AddParameter): Name = "Manufacturer_Part_Number"; Value = "CDBU0130L"; VariantName = "[No Variations]"
Add component (AddParameter): Name = "Mouser Part Number"; Value = "750-CDBU0130L"; VariantName = "[No Variations]"
Add component (AddParameter): Name = "Mouser Price/Stock"; Value = "https://www.mouser.co.uk/ProductDetail/Comchip-Technology/CDBU0130L?qs=tw%252BuQ%2FB6PO2Mup5%252Bk7mubQ%3D%3D"; VariantName = "[No Variations]"
Added Component: Designator=D8(DIOM179X85N)
Add component (AddParameter): Name = "Arrow Part Number"; Value = "CDBU0130L"; VariantName = "[No Variations]"
Add component (AddParameter): Name = "Arrow Price/Stock"; Value = "https://www.arrow.com/en/products/cdbu0130l/comchip-technology?region=nac"; VariantName = "[No Variations]"
Add component (AddParameter): Name = "Datasheet Link"; Value = "https://datasheet.datasheetarchive.com/originals/distributors/Datasheets-DGA23/1389865.pdf"; VariantName = "[No Variations]"
Add component (AddParameter): Name = "Height"; Value = "0.85mm"; VariantName = "[No Variations]"
Add component (AddParameter): Name = "Manufacturer_Name"; Value = "Comchip Technology"; VariantName = "[No Variations]"
Add component (AddParameter): Name = "Manufacturer_Part_Number"; Value = "CDBU0130L"; VariantName = "[No Variations]"
Add component (AddParameter): Name = "Mouser Part Number"; Value = "750-CDBU0130L"; VariantName = "[No Variations]"
Add component (AddParameter): Name = "Mouser Price/Stock"; Value = "https://www.mouser.co.uk/ProductDetail/Comchip-Technology/CDBU0130L?qs=tw%252BuQ%2FB6PO2Mup5%252Bk7mubQ%3D%3D"; VariantName = "[No Variations]"
Added Component: Designator=IC13(SOT65P210X110-6N)
Add component (AddParameter): Name = "Arrow Part Number"; Value = "SN74LVC2G04DCKT"; VariantName = "[No Variations]"
Add component (AddParameter): Name = "Arrow Price/Stock"; Value = "https://www.arrow.com/en/products/sn74lvc2g04dckt/texas-instruments?region=nac"; VariantName = "[No Variations]"
Add component (AddParameter): Name = "Datasheet Link"; Value = "http://www.ti.com/lit/gpn/SN74LVC2G04"; VariantName = "[No Variations]"
Add component (AddParameter): Name = "Height"; Value = "1.1mm"; VariantName = "[No Variations]"
Add component (AddParameter): Name = "Manufacturer_Name"; Value = "Texas Instruments"; VariantName = "[No Variations]"
Add component (AddParameter): Name = "Manufacturer_Part_Number"; Value = "SN74LVC2G04DCKT"; VariantName = "[No Variations]"
Add component (AddParameter): Name = "Mouser Part Number"; Value = "595-SN74LVC2G04DCKT"; VariantName = "[No Variations]"
Add component (AddParameter): Name = "Mouser Price/Stock"; Value = "https://www.mouser.co.uk/ProductDetail/Texas-Instruments/SN74LVC2G04DCKT?qs=dT9u2OTAaVX2ppXnY0BN6A%3D%3D"; VariantName = "[No Variations]"
Added Component: Designator=J1(5052781533)
Add component (AddParameter): Name = "Arrow Part Number"; Value = ""; VariantName = "[No Variations]"
Add component (AddParameter): Name = "Arrow Price/Stock"; Value = ""; VariantName = "[No Variations]"
Add component (AddParameter): Name = "Datasheet Link"; Value = "https://componentsearchengine.com/Datasheets/1/505278-1533.pdf"; VariantName = "[No Variations]"
Add component (AddParameter): Name = "Height"; Value = "2.15mm"; VariantName = "[No Variations]"
Add component (AddParameter): Name = "Manufacturer_Name"; Value = "Molex"; VariantName = "[No Variations]"
Add component (AddParameter): Name = "Manufacturer_Part_Number"; Value = "505278-1533"; VariantName = "[No Variations]"
Add component (AddParameter): Name = "Mouser Part Number"; Value = "538-505278-1533"; VariantName = "[No Variations]"
Add component (AddParameter): Name = "Mouser Price/Stock"; Value = "https://www.mouser.com/Search/Refine.aspx?Keyword=538-505278-1533"; VariantName = "[No Variations]"
Added Pin To Net: NetName=MISO_SEN_K Pin=D1-1
Added Pin To Net: NetName=MISO_SEN Pin=D1-2
Added Pin To Net: NetName=MISO_SEN_K Pin=D2-1
Added Pin To Net: NetName=MISO_SEN Pin=D2-2
Added Pin To Net: NetName=MISO_SEN_K Pin=D3-1
Added Pin To Net: NetName=MISO_SEN Pin=D3-2
Added Pin To Net: NetName=MISO_SEN_K Pin=D4-1
Added Pin To Net: NetName=MISO_SEN Pin=D4-2
Added Pin To Net: NetName=MISO_SEN_K Pin=D5-1
Added Pin To Net: NetName=MISO_SEN Pin=D5-2
Added Pin To Net: NetName=MISO_SEN_K Pin=D6-1
Added Pin To Net: NetName=MISO_SEN Pin=D6-2
Added Pin To Net: NetName=MISO_SEN_K Pin=D7-1
Added Pin To Net: NetName=MISO_SEN Pin=D7-2
Added Pin To Net: NetName=MISO_SEN_K Pin=D8-1
Added Pin To Net: NetName=MISO_SEN Pin=D8-2
Added Member To Class: ClassName=SENSORS_SMALL_SCH Member=Component D1 CDBU0130L
Added Member To Class: ClassName=SENSORS_SMALL_SCH Member=Component D2 CDBU0130L
Added Member To Class: ClassName=SENSORS_SMALL_SCH Member=Component D3 CDBU0130L
Added Member To Class: ClassName=SENSORS_SMALL_SCH Member=Component D4 CDBU0130L
Added Member To Class: ClassName=SENSORS_SMALL_SCH Member=Component D5 CDBU0130L
Added Member To Class: ClassName=SENSORS_SMALL_SCH Member=Component D6 CDBU0130L
Added Member To Class: ClassName=SENSORS_SMALL_SCH Member=Component D7 CDBU0130L
Added Member To Class: ClassName=SENSORS_SMALL_SCH Member=Component D8 CDBU0130L
Added Member To Class: ClassName=SENSORS_SMALL_SCH Member=Component IC13 SN74LVC2G04DCKT
Added Member To Class: ClassName=SENSORS_SMALL_SCH Member=Component J1 505278-1533
