Removed Pin From Net: NetName=GND Pin=C9-1
Removed Pin From Net: NetName=+3V3_S Pin=C9-2
Removed Pin From Net: NetName=GND Pin=C11-1
Removed Pin From Net: NetName=+3V3_S Pin=C11-2
Removed Pin From Net: NetName=GND Pin=C13-1
Removed Pin From Net: NetName=+3V3_S Pin=C13-2
Removed Pin From Net: NetName=GND Pin=C14-1
Removed Pin From Net: NetName=+3V3_S Pin=C14-2
Removed Pin From Net: NetName=MISO_SEN Pin=D1-2
Removed Pin From Net: NetName=MISO_SEN Pin=D2-2
Removed Pin From Net: NetName=MISO_SEN Pin=D3-2
Removed Pin From Net: NetName=MISO_SEN Pin=D4-2
Removed Pin From Net: NetName=MISO_SEN Pin=D5-2
Removed Pin From Net: NetName=MISO_SEN Pin=D6-2
Removed Pin From Net: NetName=MISO_SEN Pin=D7-2
Removed Pin From Net: NetName=MISO_SEN Pin=D8-2
Removed Pin From Net: NetName=GND Pin=IC9-7
Removed Pin From Net: NetName=+3V3_S Pin=IC9-14
Removed Pin From Net: NetName=GND Pin=IC11-8
Removed Pin From Net: NetName=SCK_SHREG Pin=IC11-10
Removed Pin From Net: NetName=GND Pin=IC11-11
Removed Pin From Net: NetName=+3V3_S Pin=IC11-16
Removed Pin From Net: NetName=GND Pin=IC12-7
Removed Pin From Net: NetName=+3V3_S Pin=IC12-14
Removed Member From Class: ClassName=SENSORS_SMALL_SCH Member=C9
Removed Member From Class: ClassName=SENSORS_SMALL_SCH Member=C11
Removed Member From Class: ClassName=SENSORS_SMALL_SCH Member=C13
Removed Member From Class: ClassName=SENSORS_SMALL_SCH Member=C14
Removed Member From Class: ClassName=SENSORS_SMALL_SCH Member=D1
Removed Member From Class: ClassName=SENSORS_SMALL_SCH Member=D2
Removed Member From Class: ClassName=SENSORS_SMALL_SCH Member=D3
Removed Member From Class: ClassName=SENSORS_SMALL_SCH Member=D4
Removed Member From Class: ClassName=SENSORS_SMALL_SCH Member=D5
Removed Member From Class: ClassName=SENSORS_SMALL_SCH Member=D6
Removed Member From Class: ClassName=SENSORS_SMALL_SCH Member=D7
Removed Member From Class: ClassName=SENSORS_SMALL_SCH Member=D8
Removed Member From Class: ClassName=SENSORS_SMALL_SCH Member=IC9
Removed Member From Class: ClassName=SENSORS_SMALL_SCH Member=IC11
Removed Member From Class: ClassName=SENSORS_SMALL_SCH Member=IC12
Removed Member From Class: ClassName=SENSORS_SMALL_SCH Member=IC13
Removed Member From Class: ClassName=SENSORS_SMALL_SCH Member=J1
Removed Member From Class: ClassName=SENSORS_SMALL_SCH Member=J?
Added Component: Designator=IC?(SOT95P275X110-6N)
Add component (AddParameter): Name = "Arrow Part Number"; Value = "74HC2G04GV,125"; VariantName = "[No Variations]"
Add component (AddParameter): Name = "Arrow Price/Stock"; Value = "https://www.arrow.com/en/products/74hc2g04gv125/nexperia?region=nac"; VariantName = "[No Variations]"
Add component (AddParameter): Name = "Datasheet Link"; Value = "https://assets.nexperia.com/documents/data-sheet/74HC_HCT2G04.pdf"; VariantName = "[No Variations]"
Add component (AddParameter): Name = "Height"; Value = "1.1mm"; VariantName = "[No Variations]"
Add component (AddParameter): Name = "Manufacturer_Name"; Value = "Nexperia"; VariantName = "[No Variations]"
Add component (AddParameter): Name = "Manufacturer_Part_Number"; Value = "74HC2G04GV,125"; VariantName = "[No Variations]"
Add component (AddParameter): Name = "Mouser Part Number"; Value = "771-HC2G04GV125"; VariantName = "[No Variations]"
Add component (AddParameter): Name = "Mouser Price/Stock"; Value = "https://www.mouser.co.uk/ProductDetail/Nexperia/74HC2G04GV125?qs=P62ublwmbi%2FsISAYhNpIpg%3D%3D"; VariantName = "[No Variations]"
Added Pin To Net: NetName=MISO_SEN Pin=J2-4
Added Pin To Net: NetName=NetIC1_8 Pin=IC1-8
Added Pin To Net: NetName=NetIC1_8 Pin=R1-2
Added Net: Name=NetIC1_8
Added Pin To Net: NetName=NetIC2_8 Pin=IC2-8
Added Pin To Net: NetName=NetIC2_8 Pin=R2-2
Added Net: Name=NetIC2_8
Added Pin To Net: NetName=NetIC3_8 Pin=IC3-8
Added Pin To Net: NetName=NetIC3_8 Pin=R3-2
Added Net: Name=NetIC3_8
Added Pin To Net: NetName=NetIC4_8 Pin=IC4-8
Added Pin To Net: NetName=NetIC4_8 Pin=R4-2
Added Net: Name=NetIC4_8
Added Pin To Net: NetName=NetIC5_8 Pin=IC5-8
Added Pin To Net: NetName=NetIC5_8 Pin=R5-2
Added Net: Name=NetIC5_8
Added Pin To Net: NetName=NetIC6_8 Pin=IC6-8
Added Pin To Net: NetName=NetIC6_8 Pin=R6-2
Added Net: Name=NetIC6_8
Added Pin To Net: NetName=NetIC7_8 Pin=IC7-8
Added Pin To Net: NetName=NetIC7_8 Pin=R7-2
Added Net: Name=NetIC7_8
Added Pin To Net: NetName=NetIC10_8 Pin=IC10-8
Added Pin To Net: NetName=NetIC10_8 Pin=R8-2
Added Net: Name=NetIC10_8
Added Member To Class: ClassName=SENSORS_SMALL_SCH Member=Component IC? 74HC2G04GV,125
