Removed Pin From Net: NetName=GND Pin=J3-1
Removed Pin From Net: NetName=+3V3_S Pin=J3-2
Removed Pin From Net: NetName=CS_IN Pin=J3-3
Removed Pin From Net: NetName=ALERT_OE Pin=J3-4
Removed Pin From Net: NetName=REG_SCK Pin=J3-5
Removed Pin From Net: NetName=REG_CLR Pin=J4-1
Removed Pin From Net: NetName=SEN_OE Pin=J4-2
Removed Pin From Net: NetName=SPI_CLK Pin=J4-3
Removed Pin From Net: NetName=SPI_MISO Pin=J4-4
Removed Pin From Net: NetName=SPI_MOSI Pin=J4-5
Removed Member From Class: ClassName=SENSORS_SMALL_SCH Member=J3
Removed Member From Class: ClassName=SENSORS_SMALL_SCH Member=J4
Added Component: Designator=J1(HDRRA10W66P254_2X5_1270X254X528P)
Add component (AddParameter): Name = "Arrow Part Number"; Value = ""; VariantName = "[No Variations]"
Add component (AddParameter): Name = "Arrow Price/Stock"; Value = ""; VariantName = "[No Variations]"
Add component (AddParameter): Name = "Datasheet Link"; Value = "https://cdn.harwin.com/pdfs/M20-995.pdf"; VariantName = "[No Variations]"
Add component (AddParameter): Name = "Height"; Value = "5.28mm"; VariantName = "[No Variations]"
Add component (AddParameter): Name = "Manufacturer_Name"; Value = "Harwin"; VariantName = "[No Variations]"
Add component (AddParameter): Name = "Manufacturer_Part_Number"; Value = "M20-9950545"; VariantName = "[No Variations]"
Add component (AddParameter): Name = "Mouser Part Number"; Value = "855-M20-9950545"; VariantName = "[No Variations]"
Add component (AddParameter): Name = "Mouser Price/Stock"; Value = "https://www.mouser.com/Search/Refine.aspx?Keyword=855-M20-9950545"; VariantName = "[No Variations]"
Added Member To Class: ClassName=SENSORS_SMALL_SCH Member=Component J1 M20-9950545
