Removed Pin From Net: NetName=SPI_MOSI Pin=TP1-1
Removed Pin From Net: NetName=SPI_MISO Pin=TP2-1
Removed Pin From Net: NetName=SPI_CLK Pin=TP3-1
Removed Pin From Net: NetName=SEN_OE Pin=TP4-1
Removed Pin From Net: NetName=REG_CLR Pin=TP5-1
Removed Pin From Net: NetName=REG_SCK Pin=TP6-1
Removed Pin From Net: NetName=ALERT_OE Pin=TP7-1
Removed Pin From Net: NetName=GND Pin=TP8-1
Removed Pin From Net: NetName=GND Pin=TP9-1
Removed Pin From Net: NetName=GND Pin=TP10-1
Removed Member From Class: ClassName=SENSORS_SMALL_SCH Member=TP1
Removed Member From Class: ClassName=SENSORS_SMALL_SCH Member=TP2
Removed Member From Class: ClassName=SENSORS_SMALL_SCH Member=TP3
Removed Member From Class: ClassName=SENSORS_SMALL_SCH Member=TP4
Removed Member From Class: ClassName=SENSORS_SMALL_SCH Member=TP5
Removed Member From Class: ClassName=SENSORS_SMALL_SCH Member=TP6
Removed Member From Class: ClassName=SENSORS_SMALL_SCH Member=TP7
Removed Member From Class: ClassName=SENSORS_SMALL_SCH Member=TP8
Removed Member From Class: ClassName=SENSORS_SMALL_SCH Member=TP9
Removed Member From Class: ClassName=SENSORS_SMALL_SCH Member=TP10
